<?xml version="1.0" encoding="UTF-8"?>
<testng-results skipped="0" failed="0" ignored="0" total="1" passed="1">
  <reporter-output>
  </reporter-output>
  <suite name="Default suite" duration-ms="90643" started-at="2019-08-13T19:32:38Z" finished-at="2019-08-13T19:34:08Z">
    <groups>
    </groups>
    <test name="Default test" duration-ms="90643" started-at="2019-08-13T19:32:38Z" finished-at="2019-08-13T19:34:08Z">
      <class name="Sc1">
        <test-method status="PASS" signature="M1()[pri:0, instance:Sc1@5f375618]" name="M1" duration-ms="90540" started-at="2019-08-13T19:32:38Z" finished-at="2019-08-13T19:34:08Z">
          <reporter-output>
          </reporter-output>
        </test-method> <!-- M1 -->
      </class> <!-- Sc1 -->
    </test> <!-- Default test -->
  </suite> <!-- Default suite -->
</testng-results>
